Thu 16 Mar 2023 03:25:19 PM UTC: 
 tests:  0|7
total_score: 0/70
3ba8bbf
Thu 16 Mar 2023 03:31:49 PM UTC: 
 exercises.c | 3 +++
 1 file changed, 3 insertions(+)
In file included from test.c:5:
exercises.c: In function ‘swap’:
exercises.c:16:3: error: ‘temp’ undeclared (first use in this function)
   16 |   temp=*a;
      |   ^~~~
exercises.c:16:3: note: each undeclared identifier is reported only once for each function it appears in
Compilation failed
6bad782
Thu 16 Mar 2023 03:32:16 PM UTC: 
 exercises.c | 2 +-
 1 file changed, 1 insertion(+), 1 deletion(-)
 tests:  1|6
total_score: 10/70
1d947e4
Thu 16 Mar 2023 03:49:27 PM UTC: 
 exercises.c | 8 ++++++++
 1 file changed, 8 insertions(+)
 tests:  1|6
total_score: 10/70
cc7fef9
Thu 16 Mar 2023 03:51:41 PM UTC: 
 exercises.c | 4 ++++
 1 file changed, 4 insertions(+)
 tests:  1|6
total_score: 10/70
6ee5685
Thu 16 Mar 2023 03:53:47 PM UTC: 
 exercises.c | 10 +++++-----
 1 file changed, 5 insertions(+), 5 deletions(-)
In file included from test.c:5:
exercises.c: In function ‘arrayMaxMin’:
exercises.c:32:12: error: subscripted value is neither array nor pointer nor vector
   32 |       if (n[i]> *max)
      |            ^
exercises.c:34:15: error: subscripted value is neither array nor pointer nor vector
   34 |         *max=n[i];
      |               ^
exercises.c:36:16: error: subscripted value is neither array nor pointer nor vector
   36 |           if (n[i]< *min)
      |                ^
exercises.c:38:15: error: subscripted value is neither array nor pointer nor vector
   38 |         *min=n[i];
      |               ^
Compilation failed
3a858d3
Thu 16 Mar 2023 03:54:43 PM UTC: 
 exercises.c | 10 +++++-----
 1 file changed, 5 insertions(+), 5 deletions(-)
 tests:  1|6
total_score: 10/70
716d1da
Thu 16 Mar 2023 03:58:52 PM UTC: 
 exercises.c | 2 +-
 1 file changed, 1 insertion(+), 1 deletion(-)
 tests:  1|6
total_score: 10/70
ecc8e22
Thu 16 Mar 2023 04:04:53 PM UTC: 
 exercises.c | 2 ++
 1 file changed, 2 insertions(+)
 tests:  1|6
total_score: 10/70
9387948
Thu 16 Mar 2023 04:05:04 PM UTC: 
 exercises.c | 2 +-
 1 file changed, 1 insertion(+), 1 deletion(-)
 tests:  1|6
total_score: 10/70
44dedd7
Thu 16 Mar 2023 04:10:02 PM UTC: 
 exercises.c | 2 +-
 1 file changed, 1 insertion(+), 1 deletion(-)
 tests:  2|5
total_score: 20/70
c8fa75c
Thu 16 Mar 2023 04:17:00 PM UTC: 
 exercises.c | 5 ++++-
 1 file changed, 4 insertions(+), 1 deletion(-)
In file included from test.c:5:
exercises.c: In function ‘sumaV’:
exercises.c:112:17: error: invalid operands to binary + (have ‘Vector’ and ‘Vector’)
  112 |      c[i]= a[i] + b[i]
      |            ~~~~ ^ ~~~~
      |             |      |
      |             Vector Vector
exercises.c:112:23: error: expected ‘;’ before ‘}’ token
  112 |      c[i]= a[i] + b[i]
      |                       ^
      |                       ;
  113 |    }
      |    ~                   
Compilation failed
cc988b8
Thu 16 Mar 2023 04:18:26 PM UTC: 
 exercises.c | 2 +-
 1 file changed, 1 insertion(+), 1 deletion(-)
In file included from test.c:5:
exercises.c: In function ‘sumaV’:
exercises.c:112:17: error: invalid operands to binary + (have ‘Vector’ and ‘Vector’)
  112 |      c[i]= a[i] + b[i]
      |            ~~~~ ^ ~~~~
      |             |      |
      |             Vector Vector
exercises.c:112:23: error: expected ‘;’ before ‘}’ token
  112 |      c[i]= a[i] + b[i]
      |                       ^
      |                       ;
  113 |    }
      |    ~                   
Compilation failed
6152bbe
Thu 16 Mar 2023 04:18:34 PM UTC: 
 exercises.c | 2 +-
 1 file changed, 1 insertion(+), 1 deletion(-)
In file included from test.c:5:
exercises.c: In function ‘sumaV’:
exercises.c:112:17: error: invalid operands to binary + (have ‘Vector’ and ‘Vector’)
  112 |      c[i]= a[i] + b[i];
      |            ~~~~ ^ ~~~~
      |             |      |
      |             Vector Vector
Compilation failed
f5a8eef
Thu 16 Mar 2023 04:19:14 PM UTC: 
 exercises.c | 2 +-
 1 file changed, 1 insertion(+), 1 deletion(-)
In file included from test.c:5:
exercises.c: In function ‘sumaV’:
exercises.c:112:18: error: invalid operands to binary + (have ‘Vector’ and ‘Vector’)
  112 |      c[i] = a[i] + b[i];
      |             ~~~~ ^ ~~~~
      |              |      |
      |              Vector Vector
Compilation failed
673ff59
Thu 16 Mar 2023 04:20:18 PM UTC: 
 exercises.c | 2 +-
 1 file changed, 1 insertion(+), 1 deletion(-)
In file included from test.c:5:
exercises.c: In function ‘sumaV’:
exercises.c:112:18: error: invalid operands to binary + (have ‘Vector’ and ‘Vector’)
  112 |      c[i] = a[i] + b[i];
      |             ~~~~ ^ ~~~~
      |              |      |
      |              Vector Vector
Compilation failed
c7bd3f1
Thu 16 Mar 2023 04:23:39 PM UTC: 
 exercises.c | 5 ++++-
 1 file changed, 4 insertions(+), 1 deletion(-)
In file included from test.c:5:
exercises.c: In function ‘sumaV’:
exercises.c:115:18: error: invalid operands to binary + (have ‘Vector’ and ‘Vector’)
  115 |      c[i] = a[i] + b[i];
      |             ~~~~ ^ ~~~~
      |              |      |
      |              Vector Vector
Compilation failed
4e49df1
Thu 16 Mar 2023 04:23:54 PM UTC: 
 exercises.c | 8 ++++----
 1 file changed, 4 insertions(+), 4 deletions(-)
 tests:  3|4
total_score: 30/70
4adb000
Thu 16 Mar 2023 04:25:27 PM UTC: 
 exercises.c | 9 +++++----
 1 file changed, 5 insertions(+), 4 deletions(-)
In file included from test.c:5:
exercises.c: In function ‘sumaV’:
exercises.c:115:18: error: invalid operands to binary + (have ‘Vector’ and ‘Vector’)
  115 |      c[i] = a[i] + b[i];
      |             ~~~~ ^ ~~~~
      |              |      |
      |              Vector Vector
exercises.c:117:10: error: ‘return’ with a value, in function returning void [-Werror=return-type]
  117 |   return *c;
      |          ^~
exercises.c:112:6: note: declared here
  112 | void sumaV(Vector * a, Vector * b, Vector * c) {
      |      ^~~~~
cc1: all warnings being treated as errors
Compilation failed
a0fb5b5
Thu 16 Mar 2023 04:25:37 PM UTC: 
 exercises.c | 1 -
 1 file changed, 1 deletion(-)
In file included from test.c:5:
exercises.c: In function ‘sumaV’:
exercises.c:115:18: error: invalid operands to binary + (have ‘Vector’ and ‘Vector’)
  115 |      c[i] = a[i] + b[i];
      |             ~~~~ ^ ~~~~
      |              |      |
      |              Vector Vector
Compilation failed
683b487
Thu 16 Mar 2023 04:25:58 PM UTC: 
 exercises.c | 2 +-
 1 file changed, 1 insertion(+), 1 deletion(-)
In file included from test.c:5:
exercises.c: In function ‘sumaV’:
exercises.c:115:16: error: invalid operands to binary + (have ‘Vector’ and ‘Vector’)
  115 |      c[i] = *a + *b;
      |             ~~ ^ ~~
      |             |    |
      |             |    Vector
      |             Vector
Compilation failed
9f7dc7d
Thu 16 Mar 2023 04:29:18 PM UTC: 
 exercises.c | 8 ++++++--
 1 file changed, 6 insertions(+), 2 deletions(-)
In file included from test.c:5:
exercises.c: In function ‘crearVector’:
exercises.c:87:3: error: unknown type name ‘vector’; did you mean ‘Vector’?
   87 |   vector *v = (vector *) malloc (sizeof(vector) * n);
      |   ^~~~~~
      |   Vector
exercises.c:87:16: error: ‘vector’ undeclared (first use in this function); did you mean ‘Vector’?
   87 |   vector *v = (vector *) malloc (sizeof(vector) * n);
      |                ^~~~~~
      |                Vector
exercises.c:87:16: note: each undeclared identifier is reported only once for each function it appears in
exercises.c:87:24: error: expected expression before ‘)’ token
   87 |   vector *v = (vector *) malloc (sizeof(vector) * n);
      |                        ^
exercises.c:89:4: error: request for member ‘datps’ in something not a structure or union
   89 |   v->datps = (vector *) calloc (n,sizeof(int));
      |    ^~
exercises.c:89:23: error: expected expression before ‘)’ token
   89 |   v->datps = (vector *) calloc (n,sizeof(int));
      |                       ^
exercises.c: In function ‘sumaV’:
exercises.c:119:18: error: invalid operands to binary + (have ‘Vector’ and ‘Vector’)
  119 |      c[i] = a[i] + b[i];
      |             ~~~~ ^ ~~~~
      |              |      |
      |              Vector Vector
Compilation failed
341123e
Thu 16 Mar 2023 04:29:39 PM UTC: 
 exercises.c | 2 +-
 1 file changed, 1 insertion(+), 1 deletion(-)
In file included from test.c:5:
exercises.c: In function ‘crearVector’:
exercises.c:87:3: error: unknown type name ‘vector’; did you mean ‘Vector’?
   87 |   vector *v = (vector *) malloc (sizeof(vector) * n);
      |   ^~~~~~
      |   Vector
exercises.c:87:16: error: ‘vector’ undeclared (first use in this function); did you mean ‘Vector’?
   87 |   vector *v = (vector *) malloc (sizeof(vector) * n);
      |                ^~~~~~
      |                Vector
exercises.c:87:16: note: each undeclared identifier is reported only once for each function it appears in
exercises.c:87:24: error: expected expression before ‘)’ token
   87 |   vector *v = (vector *) malloc (sizeof(vector) * n);
      |                        ^
exercises.c:89:4: error: request for member ‘datos’ in something not a structure or union
   89 |   v->datos = (vector *) calloc (n,sizeof(int));
      |    ^~
exercises.c:89:23: error: expected expression before ‘)’ token
   89 |   v->datos = (vector *) calloc (n,sizeof(int));
      |                       ^
exercises.c: In function ‘sumaV’:
exercises.c:119:18: error: invalid operands to binary + (have ‘Vector’ and ‘Vector’)
  119 |      c[i] = a[i] + b[i];
      |             ~~~~ ^ ~~~~
      |              |      |
      |              Vector Vector
Compilation failed
91c615e
Thu 16 Mar 2023 04:30:18 PM UTC: 
 exercises.c | 5 +++--
 1 file changed, 3 insertions(+), 2 deletions(-)
In file included from test.c:5:
exercises.c: In function ‘crearVector’:
exercises.c:87:3: error: unknown type name ‘vector’; did you mean ‘Vector’?
   87 |   vector *v = (vector *) malloc (sizeof(vector) * n);
      |   ^~~~~~
      |   Vector
exercises.c:87:16: error: ‘vector’ undeclared (first use in this function); did you mean ‘Vector’?
   87 |   vector *v = (vector *) malloc (sizeof(vector) * n);
      |                ^~~~~~
      |                Vector
exercises.c:87:16: note: each undeclared identifier is reported only once for each function it appears in
exercises.c:87:24: error: expected expression before ‘)’ token
   87 |   vector *v = (vector *) malloc (sizeof(vector) * n);
      |                        ^
exercises.c:89:4: error: request for member ‘datos’ in something not a structure or union
   89 |   v->datos = (int *) calloc (n,sizeof(int));
      |    ^~
exercises.c:90:4: error: request for member ‘capacidad’ in something not a structure or union
   90 |   v->capacidad = n;
      |    ^~
exercises.c:91:11: error: returning ‘int *’ from a function with incompatible return type ‘Vector *’ [-Werror=incompatible-pointer-types]
   91 |    return (v);
      |           ^
exercises.c: In function ‘sumaV’:
exercises.c:120:18: error: invalid operands to binary + (have ‘Vector’ and ‘Vector’)
  120 |      c[i] = a[i] + b[i];
      |             ~~~~ ^ ~~~~
      |              |      |
      |              Vector Vector
cc1: all warnings being treated as errors
Compilation failed
d1f1d1e
Thu 16 Mar 2023 04:31:11 PM UTC: 
 exercises.c | 8 ++++----
 1 file changed, 4 insertions(+), 4 deletions(-)
In file included from test.c:5:
exercises.c: In function ‘crearVector’:
exercises.c:87:3: error: unknown type name ‘vector’; did you mean ‘Vector’?
   87 |   vector *v = (vector *) malloc (sizeof(vector) * n);
      |   ^~~~~~
      |   Vector
exercises.c:87:16: error: ‘vector’ undeclared (first use in this function); did you mean ‘Vector’?
   87 |   vector *v = (vector *) malloc (sizeof(vector) * n);
      |                ^~~~~~
      |                Vector
exercises.c:87:16: note: each undeclared identifier is reported only once for each function it appears in
exercises.c:87:24: error: expected expression before ‘)’ token
   87 |   vector *v = (vector *) malloc (sizeof(vector) * n);
      |                        ^
exercises.c:89:4: error: request for member ‘datos’ in something not a structure or union
   89 |   v->datos = (int *) calloc (n,sizeof(int));
      |    ^~
exercises.c:90:4: error: request for member ‘capacidad’ in something not a structure or union
   90 |   v->capacidad = n;
      |    ^~
exercises.c:91:11: error: returning ‘int *’ from a function with incompatible return type ‘Vector *’ [-Werror=incompatible-pointer-types]
   91 |    return (v);
      |           ^
cc1: all warnings being treated as errors
Compilation failed
3b81f05
Thu 16 Mar 2023 04:32:58 PM UTC: 
 exercises.c | 2 +-
 1 file changed, 1 insertion(+), 1 deletion(-)
 tests:  4|3
total_score: 40/70
7a470e5
Thu 16 Mar 2023 11:51:54 PM UTC: 
 exercises.c | 2 +-
 1 file changed, 1 insertion(+), 1 deletion(-)
In file included from test.c:5:
exercises.c: In function ‘asignarValor’:
exercises.c:101:10: error: incompatible types when assigning to type ‘Vector’ from type ‘int’
  101 |   v[i] = valor;
      |          ^~~~~
Compilation failed
d657eab
Thu 16 Mar 2023 11:54:24 PM UTC: 
 exercises.c | 2 +-
 1 file changed, 1 insertion(+), 1 deletion(-)
In file included from test.c:5:
exercises.c: In function ‘asignarValor’:
exercises.c:101:10: error: ‘Valor’ undeclared (first use in this function); did you mean ‘valor’?
  101 |   v[i] = Valor;
      |          ^~~~~
      |          valor
exercises.c:101:10: note: each undeclared identifier is reported only once for each function it appears in
Compilation failed
0a1a8e5
Thu 16 Mar 2023 11:54:39 PM UTC: 
 exercises.c | 3 ++-
 1 file changed, 2 insertions(+), 1 deletion(-)
In file included from test.c:5:
exercises.c: In function ‘asignarValor’:
exercises.c:102:10: error: incompatible types when assigning to type ‘Vector’ from type ‘int’
  102 |   v[i] = valor;
      |          ^~~~~
Compilation failed
3b970ae
Thu 16 Mar 2023 11:58:36 PM UTC: 
 exercises.c | 10 +++++-----
 1 file changed, 5 insertions(+), 5 deletions(-)
In file included from test.c:5:
exercises.c: In function ‘asignarValor’:
exercises.c:101:10: error: incompatible types when assigning to type ‘Vector’ from type ‘int’
  101 |   v[i] = valor;
      |          ^~~~~
exercises.c: In function ‘sumaV’:
exercises.c:123:17: error: invalid operands to binary + (have ‘Vector’ and ‘Vector’)
  123 |     c[i] = a[i] + b[i];
      |            ~~~~ ^ ~~~~
      |             |      |
      |             Vector Vector
Compilation failed
0688e2d
Fri 17 Mar 2023 12:03:35 AM UTC: 
 exercises.c | 10 +++++-----
 1 file changed, 5 insertions(+), 5 deletions(-)
In file included from test.c:5:
exercises.c: In function ‘asignarValor’:
exercises.c:101:10: error: incompatible types when assigning to type ‘Vector’ from type ‘int’
  101 |   v[i] = valor;
      |          ^~~~~
Compilation failed
8abfe43
Fri 17 Mar 2023 12:04:02 AM UTC: 
 exercises.c | 2 +-
 1 file changed, 1 insertion(+), 1 deletion(-)
 tests:  4|3
total_score: 40/70
07276b6
Sat 18 Mar 2023 04:32:16 AM UTC: 
 exercises.c | 2 +-
 1 file changed, 1 insertion(+), 1 deletion(-)
 tests:  4|3
total_score: 40/70
24e34f4
Sat 18 Mar 2023 04:33:28 AM UTC: 
 exercises.c | 2 +-
 1 file changed, 1 insertion(+), 1 deletion(-)
 tests:  6|2
total_score: 50/70
7701e57
Sat 18 Mar 2023 04:35:02 AM UTC: 
 exercises.c | 10 +++++-----
 1 file changed, 5 insertions(+), 5 deletions(-)
In file included from test.c:5:
test.c: In function ‘sumaV’:
exercises.c:122:3: error: ‘longitud’ is used uninitialized in this function [-Werror=uninitialized]
  122 |   for (i=0; i<longitud ; i++){
      |   ^~~
cc1: all warnings being treated as errors
Compilation failed
62f8331
Sat 18 Mar 2023 04:35:36 AM UTC: 
 exercises.c | 4 ++--
 1 file changed, 2 insertions(+), 2 deletions(-)
In file included from test.c:5:
exercises.c:125:1: error: expected identifier or ‘(’ before ‘}’ token
  125 | }
      | ^
Compilation failed
d35ba96
Sat 18 Mar 2023 04:35:44 AM UTC: 
 exercises.c | 2 +-
 1 file changed, 1 insertion(+), 1 deletion(-)
In file included from test.c:5:
test.c: In function ‘sumaV’:
exercises.c:123:26: error: ‘i’ is used uninitialized in this function [-Werror=uninitialized]
  123 |    c->datos[i] = a->datos[i] + b->datos[i];
      |                          ^
cc1: all warnings being treated as errors
Compilation failed
6b3d271
Sat 18 Mar 2023 04:35:58 AM UTC: 
 exercises.c | 2 +-
 1 file changed, 1 insertion(+), 1 deletion(-)
 tests:  6|2
total_score: 50/70
d5d4392
Sat 18 Mar 2023 05:00:16 AM UTC: 
 exercises.c | 4 ++--
 1 file changed, 2 insertions(+), 2 deletions(-)
In file included from test.c:5:
exercises.c: In function ‘sumaV’:
exercises.c:122:24: error: ‘Vector’ has no member named ‘tam’
  122 |   for (int i = 0; i < a->tam; i++) {
      |                        ^~
test.c:251:5: error: ‘main’ is normally a non-static function [-Werror=main]
  251 | int main( int argc, char *argv[] ) {
      |     ^~~~
test.c:271:1: error: expected declaration or statement at end of input
  271 | }
      | ^
In file included from test.c:5:
exercises.c:121:7: error: unused variable ‘tam’ [-Werror=unused-variable]
  121 |   int tam;
      |       ^~~
exercises.c:120:7: error: unused variable ‘i’ [-Werror=unused-variable]
  120 |   int i=0;
      |       ^
At top level:
test.c:251:5: error: ‘main’ defined but not used [-Werror=unused-function]
  251 | int main( int argc, char *argv[] ) {
      |     ^~~~
cc1: all warnings being treated as errors
Compilation failed
8c5e07c
Sat 18 Mar 2023 05:00:23 AM UTC: 
 exercises.c | 1 +
 1 file changed, 1 insertion(+)
In file included from test.c:5:
exercises.c: In function ‘sumaV’:
exercises.c:122:24: error: ‘Vector’ has no member named ‘tam’
  122 |   for (int i = 0; i < a->tam; i++) {
      |                        ^~
exercises.c:121:7: error: unused variable ‘tam’ [-Werror=unused-variable]
  121 |   int tam;
      |       ^~~
exercises.c:120:7: error: unused variable ‘i’ [-Werror=unused-variable]
  120 |   int i=0;
      |       ^
cc1: all warnings being treated as errors
Compilation failed
9dee363
Sat 18 Mar 2023 05:00:34 AM UTC: 
 exercises.c | 1 -
 1 file changed, 1 deletion(-)
In file included from test.c:5:
exercises.c: In function ‘sumaV’:
exercises.c:121:24: error: ‘Vector’ has no member named ‘tam’
  121 |   for (int i = 0; i < a->tam; i++) {
      |                        ^~
exercises.c:120:7: error: unused variable ‘tam’ [-Werror=unused-variable]
  120 |   int tam;
      |       ^~~
cc1: all warnings being treated as errors
Compilation failed
af08652
Sat 18 Mar 2023 05:02:36 AM UTC: 
 exercises.c | 2 +-
 1 file changed, 1 insertion(+), 1 deletion(-)
In file included from test.c:5:
exercises.c: In function ‘sumaV’:
exercises.c:120:7: error: unused variable ‘tam’ [-Werror=unused-variable]
  120 |   int tam;
      |       ^~~
cc1: all warnings being treated as errors
Compilation failed
d8cb9c6
Sat 18 Mar 2023 05:02:44 AM UTC: 
 exercises.c | 2 +-
 1 file changed, 1 insertion(+), 1 deletion(-)
 tests:  7|1
total_score: 60/70
e32163f
Sat 18 Mar 2023 05:07:53 AM UTC: 
 exercises.c | 24 ++++++++++++++++++++++++
 1 file changed, 24 insertions(+)
In file included from test.c:5:
exercises.c: In function ‘asignarValor’:
exercises.c:134:24: error: ‘Vector’ has no member named ‘tam’
  134 |     if (i < 0 || i >= v->tam) {
      |                        ^~
exercises.c: In function ‘obtenerValor’:
exercises.c:142:24: error: ‘Vector’ has no member named ‘tam’
  142 |     if (i < 0 || i >= v->tam) {
      |                        ^~
exercises.c: In function ‘sumarVectores’:
exercises.c:150:10: error: ‘Vector’ has no member named ‘tam’
  150 |     if (a->tam != b->tam || b->tam != c->tam) {
      |          ^~
exercises.c:150:20: error: ‘Vector’ has no member named ‘tam’
  150 |     if (a->tam != b->tam || b->tam != c->tam) {
      |                    ^~
exercises.c:150:30: error: ‘Vector’ has no member named ‘tam’
  150 |     if (a->tam != b->tam || b->tam != c->tam) {
      |                              ^~
exercises.c:150:40: error: ‘Vector’ has no member named ‘tam’
  150 |     if (a->tam != b->tam || b->tam != c->tam) {
      |                                        ^~
exercises.c:154:26: error: ‘Vector’ has no member named ‘tam’
  154 |     for (int i = 0; i < a->tam; i++) {
      |                          ^~
At top level:
exercises.c:149:6: error: ‘sumarVectores’ defined but not used [-Werror=unused-function]
  149 | void sumarVectores(Vector *a, Vector *b, Vector *c) {
      |      ^~~~~~~~~~~~~
exercises.c:141:5: error: ‘obtenerValor’ defined but not used [-Werror=unused-function]
  141 | int obtenerValor(Vector *v, int i) {
      |     ^~~~~~~~~~~~
exercises.c:133:6: error: ‘asignarValor’ defined but not used [-Werror=unused-function]
  133 | void asignarValor(Vector *v, int i, int valor) {
      |      ^~~~~~~~~~~~
cc1: all warnings being treated as errors
Compilation failed
7f704b5
Sat 18 Mar 2023 05:08:02 AM UTC: 
 exercises.c | 24 ------------------------
 1 file changed, 24 deletions(-)
 tests:  7|1
total_score: 60/70
aad5dd1
Sat 18 Mar 2023 05:09:53 AM UTC: 
 exercises.c | 5 ++++-
 1 file changed, 4 insertions(+), 1 deletion(-)
In file included from test.c:5:
exercises.c: In function ‘sumaV2’:
exercises.c:133:4: error: ‘Vector’ has no member named ‘tam’
  133 |   c->tam = 2;
      |    ^~
exercises.c:134:31: error: ‘Vector’ has no member named ‘tam’
  134 |     c->datos = (int*) malloc(c->tam * sizeof(int));
      |                               ^~
Compilation failed
1eae63d
Sat 18 Mar 2023 05:10:35 AM UTC: 
 exercises.c | 1 +
 1 file changed, 1 insertion(+)
In file included from test.c:5:
exercises.c: In function ‘sumaV2’:
exercises.c:134:6: error: ‘Vector’ has no member named ‘tam’
  134 |     c->tam = 2;
      |      ^~
exercises.c:135:31: error: ‘Vector’ has no member named ‘tam’
  135 |     c->datos = (int*) malloc(c->tam * sizeof(int));
      |                               ^~
exercises.c:133:7: error: unused variable ‘tam’ [-Werror=unused-variable]
  133 |   int tam;
      |       ^~~
cc1: all warnings being treated as errors
Compilation failed
f20ead5
Sat 18 Mar 2023 05:10:57 AM UTC: 
 exercises.c | 4 +---
 1 file changed, 1 insertion(+), 3 deletions(-)
In file included from test.c:5:
exercises.c: In function ‘sumaV2’:
exercises.c:133:34: error: expected identifier before ‘*’ token
  133 |     c->datos = (int*) malloc(c-> * sizeof(int));
      |                                  ^
Compilation failed
d63a1b6
Sat 18 Mar 2023 05:11:03 AM UTC: 
 exercises.c | 2 +-
 1 file changed, 1 insertion(+), 1 deletion(-)
In file included from test.c:5:
exercises.c: In function ‘sumaV2’:
exercises.c:133:32: error: invalid operands to binary * (have ‘Vector *’ and ‘long unsigned int’)
  133 |     c->datos = (int*) malloc(c * sizeof(int));
      |                                ^
Compilation failed
3f7db88
Sat 18 Mar 2023 05:11:41 AM UTC: 
 exercises.c | 2 ++
 1 file changed, 2 insertions(+)
In file included from test.c:5:
exercises.c: In function ‘sumaV2’:
exercises.c:134:6: error: ‘Vector’ has no member named ‘tam’
  134 |     c->tam = 2;
      |      ^~
exercises.c:135:32: error: invalid operands to binary * (have ‘Vector *’ and ‘long unsigned int’)
  135 |     c->datos = (int*) malloc(c * sizeof(int));
      |                                ^
exercises.c:133:7: error: unused variable ‘tam’ [-Werror=unused-variable]
  133 |   int tam;
      |       ^~~
cc1: all warnings being treated as errors
Compilation failed
90fc683
Sat 18 Mar 2023 05:11:51 AM UTC: 
 exercises.c | 2 +-
 1 file changed, 1 insertion(+), 1 deletion(-)
In file included from test.c:5:
exercises.c: In function ‘sumaV2’:
exercises.c:134:6: error: ‘Vector’ has no member named ‘tam’
  134 |     c->tam = 2;
      |      ^~
exercises.c:135:31: error: ‘Vector’ has no member named ‘tam’
  135 |     c->datos = (int*) malloc(c->tam * sizeof(int));
      |                               ^~
exercises.c:133:7: error: unused variable ‘tam’ [-Werror=unused-variable]
  133 |   int tam;
      |       ^~~
cc1: all warnings being treated as errors
Compilation failed
0e272ab
Sat 18 Mar 2023 05:13:37 AM UTC: 
 exercises.c | 1 -
 1 file changed, 1 deletion(-)
In file included from test.c:5:
exercises.c: In function ‘sumaV2’:
exercises.c:134:31: error: ‘Vector’ has no member named ‘tam’
  134 |     c->datos = (int*) malloc(c->tam * sizeof(int));
      |                               ^~
exercises.c:133:9: error: unused variable ‘tam’ [-Werror=unused-variable]
  133 |     int tam;
      |         ^~~
cc1: all warnings being treated as errors
Compilation failed
e702e99
